5
25
0
1
3
9
24
11
19
11
20
6
19
3
47
52
961
4
45
24
30
3
3
15
57
115
12
283
49
2
30
21
8
115
4
16
58
38
5
21
14
20
7
22
30
49
4
2
16
64
46
125
280
16
3
5
9
12
42
13
21
140
14
136
15
23
62
21
271
35
34
1060
15
16
12
63
25
20
3
505
119
1474
10
35
6
38
4
24
19
32
63
329
15
16
28
11
32
44
27
23
20
33
21
39
2098
5
26
2
1047
14
23
23
139
20
106
6
129
6
318
23
3
126
27
3
27
5
15
42
178
5
67
32
126
18
3
2
279
352
8
9
5
24
80
3
84
14
1528
5
32
21
155
18
4
11
1480
85
17
4
26
23
314
2
45
7
57
27
24
7
6
1564
36
4
26
148
8
4
7
27
7
34
3095
138
9
316
6
405
54
33
28
35
29
20
6
8
288
13
118
5
34
2068
28
378
29
47
22
346
8
33
28
6
138
26
1
30
4
26
35
4
30
13
28
432
105
39
4
25
9
1035
39
1
1
21
127
92
12
5
15
26
11
11
12
70
18
2
100
23
121
30
20
154
13
318
32
128
16
27
24
8
1
10
4
34
121
15
9
43
44
314
23
12
18
4
314
134
109
4
77
31
139
3
97
23
7
28
139
123
22
61
25
23
8
6
16
5
13
53
39
9
452
80
2
22
321
6
32
35
32
4
42
23
14
54
6
33
38
312
18
9
30
114
34
6
24
7
2
64
36
78
25
8
30
3
7
454
52
2
15
10
4
3
3
12
15
6
7
37
13
17
19
2
25
22
335
2
35
40
96
13
4
28
70
49
46
43
7
44
28
32
2
319
21
7
66
24
5
328
4
8
36
12
116
26
21
74
10
987
70
6
18
10
5
5
1615
35
18
39
15
5
2
2
26
6
120
89
104
57
67
177
97
4
117
8
2173
66
4
27
20
137
35
6
24
41
6
14
5
7
13
9
22
25
7
30
17
53
45
5
47
11
5
27
5
5
34
30
5
1
3
69
30
2
5
34
28
352
3
6
18
12
146
3
19
10
11
18
19
345
24
25
2
8
32
346
146
1080
22
0
102
129
7
3
2099
5
123
359
12
132
16
444
22
11
3
3288
17
2
173
20
315
1
80
15
330
1088
6
28
17
465
21
15
4
4
2
16
30
18
24
35
29
14
22
27
16
22
2
16
2120
9
1531
4
59
9
3
25
21
6
22
310
9
9
2
65
22
8
4
66
6
17
9
342
61
26
30
8
19
315
126
7
5
23
12
3
22
9
186
50
3
1560
36
4
49
37
10
17
15
4
30
14
24
19
116
3
27
2121
32
30
33
13
109
6
27
7
52
183
66
9
1547
2
66
410
120
30
3
3
1575
10
4
2039
69
1071
124
9
8
36
55
20
40
7
130
21
3
5
7
40
47
134
3
18
3
75
2
28
13
11
17
63
60
15
11
22
303
10
22
1604
30
0
39
3
2
439
18
31
2067
22
22
19
16
29
960
3
39
135
24
7
66
25
19
5
38
106
371
37
4
21
124
22
138
7
63
141
123
315
31
103
12
100
5
2
6
4
328
3
32
16
5
4
408
247
138
26
4
28
17
3
115
5
7
107
3
32
17
5
1093
2085
4
1109
3
7
4
32
136
4
117
39
2
175
4
18
42
9
135
32
23
2
37
268
16
23
17
4
24
19
317
117
4
4
9
24
5
106
2103
23
2
530
26
37
2
60
6
26
28
2118
9
74
5
81
298
29
22
58
19
24
104
6
549
1487
41
8
9
6
9
164
1060
32
12
4
351
10
324
354
136
9
30
89
20
21
5
115
28
443
14
26
23
23
2
4467
3
70
55
2
33
68
18
25
16
24
21
31
30
8
110
15
1077
331
22
18
19
20
10
61
127
4
13
4
2
322
7
23
17
58
2
4
125
36
4
68
1527
15
27
45
21
5
36
37
32
19
3
4
44
6
30
12
22
126
1
3
2
20
15
6
17
24
28
4
5
253
147
13
17
138
34
7
1
10
19
6
297
12
39
8
9
5
3
5
165
1039
4
16
4
23
1020
20
16
11
7
34
12
3
28
1
24
25
4
21
32
428
40
7
307
1533
15
13
26
347
14
49
117
7
32
42
5
48
24
42
121
961
25
32
36
16
38
31
18
21
261
4
14
308
17
33
1526
25
40
17
2116
14
5
18
4
8
25
67
54
191
89
3
15
27
27
12
32
9
19
135
6
12
426
5
14
1
2091
2
66
6
110
15
309
18
446
284
16
60
6
0
2
14
23
299
44
2095
5
19
40
458
13
16
22
23
1
29
9
16
7
370
6
3
30
93
2144
32
57
27
7
338
115
9
21
15
2
18
1056
13
7
31
1534
105
33
2113
1522
334
10
99
334
99
273
40
14
22
24
12
16
13
108
1
15
67
75
10
5
11
32
294
25
5
4
330
22
39
107
317
2079
119
7
31
327
60
2
29
25
5
1554
52
3
1
61
3
14
3
14
133
0
30
464
53
27
334
24
1
6
15
17
7
23
319
16
68
14
37
161
15
343
22
19
33
27
4
15
9
3
103
9
26
3
4
131
15
316
4
14
112
4
18
115
298
7
7
7
42
33
13
22
26
1
13
9
6
182
325
125
19
5
7
6
11
2
1
33
72
15
14
356
1554
19
4
18
347
28
27
14
2133
2
12
46
51
101
16
159
1037
324
7
11
49
103
124
69
30
15
5
40
5
8
124
18
29
26
16
28
170
27
102
319
54
40
21
488
7
16
1031
22
6
35
2135
9
43
343
67
25
287
17
86
4
8
10
106
2099
5
319
26
111
52
7
3
53
184
11
8
21
37
1584
16
34
12
25
69
12
3
9
13
15
15
28
30
311
39
7
42
131
20
1014
8
4
115
22
1
179
324
1090
8
5
7
9
1474
133
21
500
345
517
11
449
29
27
22
6
28
4
61
5
1028
6
18
444
22
18
16
308
55
138
164
3
4
324
83
1008
73
6
327
5
3
39
36
8
15
337
448
2
57
11
8
2
16
6
26
19
64
2093
143
21
13
122
22
11
16
3
27
18
2
3
91
20
28
6
46
554
35
9
29
11
12
25
15
29
3
22
6
493
24
106
39
