Game 1: incomplete
#########
#...#...#
#..bb...#
#...#.#.#
#...#.#.#
#...+W+B#
#...#b.##
#########
Game 2: complete
#######
#..####
#.B.B.#
#.w.#.#
##....#
#######
Game 3: complete
######
#....#
#.#..#
#.wB.#
#.BB.#
#....#
######
Game 4: complete
####
#..#
#B.#
#..#
#..#
#.w#
#.B#
####
Game 5: complete
#######
#...wB#
#.....#
#...B.#
#....B#
#.....#
#....B#
#...B.#
#....B#
#.....#
#....B#
#....B#
#.....#
#.....#
#######
Game 6: incomplete
########
#....B##
#..##+.#
#....Wb#
##b##+##
#.b....#
#......#
#......#
########
Game 7: complete
######
##...#
##B#.#
##...#
#.Bw.#
#...##
######
Game 8: complete
#######
#.....#
#..BB.#
#.#wB.#
#.....#
#######
Game 9: complete
########
#....wB#
#.B....#
########
Game 10: complete
###############
#B..B.B.B.BB..#
#w.B...B......#
#.............#
#.............#
#.............#
###############
Game 11: incomplete
#########
##.b#...#
#B+W+...#
#.#.#...#
#.#.#...#
#...bb..#
#...#...#
#########
Game 12: complete
#######
#....##
#.#.w.#
#.B.B.#
####..#
#######
Game 13: complete
######
#....#
#.BB.#
#.Bw.#
#..#.#
#....#
######
Game 14: complete
####
#B.#
#w.#
#..#
#..#
#.B#
#..#
####
Game 15: complete
#######
#.....#
#.....#
#B....#
#B....#
#.....#
#B....#
#.B...#
#B....#
#.....#
#B....#
#.B...#
#.....#
#Bw...#
#######
Game 16: incomplete
########
#......#
#......#
#....b.#
##+##b##
#bW....#
#.+##..#
##B....#
########
Game 17: complete
######
##...#
#.wB.#
#...##
#.#B##
#...##
######
Game 18: complete
#######
#.....#
#.Bw#.#
#.BB..#
#.....#
#######
Game 19: complete
########
#....B.#
#Bw....#
########
Game 20: complete
###############
#.............#
#.............#
#.............#
#......B...B.w#
#..BB.B.B.B..B#
###############
