50 61 88 71 10 55 4 32 30 72 21 58 95 26 9 58 37 89 88 5 74 53 6 96 94 75 28 28 16 44
10 67 5 98 90 67 5 95 0 35 19 73 93 15 0 2 73 89 44 61 94 18 66 0 67 60 28 95 88 44
92 50 63 49 0 54 17 5 1 69 40 20 42 86 35 42 40 60 31 84 21 78 3 39 78 22 99 58 69 40
3 13 90 66 63 43 72 32 48 73 1 41 46 43 27 81 38 19 94 21 4 15 99 59 7 30 81 58 88 2
98 43 16 41 62 79 84 34 63 84 60 16 25 6 59 4 39 49 24 33 71 80 1 70 91 8 52 24 66 41
26 17 36 42 10 98 73 94 85 36 30 97 52 8 55 64 12 94 65 88 80 36 20 81 59 11 41 11 35 59
4 62 76 93 56 38 91 30 84 28 18 15 25 23 23 80 87 35 27 4 76 7 41 96 40 52 60 33 15 47
92 72 61 21 65 18 11 56 0 96 37 18 11 62 93 34 95 32 21 22 37 49 81 30 98 73 82 58 6 97
57 50 69 19 23 86 89 35 95 89 31 32 59 94 94 53 28 41 85 1 63 74 51 96 4 49 69 86 59 27
36 16 78 57 35 53 44 24 88 39 65 71 71 25 65 17 30 45 59 67 47 74 42 98 71 46 99 40 33 58
20 21 26 98 78 62 51 22 38 92 13 56 15 36 81 81 54 63 26 65 30 25 39 72 75 62 19 74 55 4
32 75 25 11 25 3 25 76 78 63 20 43 19 88 80 52 69 86 67 47 51 98 25 42 70 0 5 41 75 60
45 59 87 70 70 12 26 95 40 56 11 13 99 82 1 79 87 70 65 54 69 16 52 94 11 75 47 16 16 22
28 62 81 15 84 4 27 10 51 19 66 62 32 66 45 33 97 84 55 15 38 77 31 43 23 94 18 70 10 34
92 38 48 26 5 33 82 84 95 33 4 62 96 88 80 93 22 29 77 77 44 67 6 28 10 30 22 80 0 33
67 45 23 15 23 81 0 5 65 96 38 21 10 86 10 42 31 84 71 60 13 16 28 20 44 90 2 66 71 2
51 38 99 27 5 22 8 58 79 25 54 70 99 16 56 9 10 40 45 81 0 58 49 28 30 93 71 32 12 42
87 63 32 86 90 37 61 50 95 40 76 1 10 75 69 19 36 79 59 33 61 59 91 10 40 74 56 11 6 68
5 45 83 37 32 26 74 45 76 22 85 4 75 48 79 45 67 67 24 26 0 37 37 44 0 29 70 56 92 28
76 97 74 59 86 58 37 13 3 14 35 40 18 10 88 50 7 55 69 32 33 22 21 23 66 21 52 36 29 97
64 5 94 90 17 81 48 6 46 51 20 81 44 91 43 32 93 51 40 62 35 73 84 56 48 2 78 53 90 59
50 55 17 96 45 86 29 46 92 75 49 65 8 93 56 52 26 1 55 66 63 90 91 0 46 40 2 76 45 45
88 95 0 5 43 97 91 73 95 35 48 45 0 57 38 8 61 16 9 16 82 25 58 26 77 4 18 31 33 63
76 21 10 28 26 53 78 69 26 73 4 27 70 57 36 9 65 97 25 27 65 60 4 23 86 81 27 56 64 12
19 41 85 81 21 63 34 99 32 61 25 89 40 95 98 76 56 63 25 82 42 90 94 98 13 32 31 92 88 96
5 59 89 42 40 10 6 74 62 38 87 87 79 27 34 77 55 91 93 80 25 87 70 19 86 35 51 17 28 91
65 85 50 54 27 90 17 33 64 79 24 52 18 55 31 4 33 87 95 78 19 72 65 90 91 3 25 94 21 5
85 38 90 35 93 70 25 62 55 42 93 79 46 11 35 29 67 20 68 15 50 88 87 15 30 31 71 7 77 44
13 63 82 55 50 27 25 28 89 81 70 82 12 68 45 99 97 13 71 66 28 21 54 67 89 36 50 60 43 28
4 56 91 38 64 93 66 89 21 55 22 43 38 35 11 83 86 9 48 58 27 28 79 81 96 68 69 46 80 12
26 84 21 69 75 85 63 41 26 36 96 1 80 34 88 91 70 74 52 70 32 79 99 12 12 47 32 81 45 13
94 72 49 67 41 24 52 4 65 30 93 14 31 73 0 19 16 22 94 69 93 26 0 92 90 13 91 75 46 36
40 92 60 41 59 2 66 63 58 83 94 51 49 77 24 50 97 93 72 91 62 17 69 14 61 12 79 52 39 26
89 79 70 49 20 30 3 38 45 14 74 91 65 23 69 42 25 66 35 50 9 49 67 30 15 81 94 95 33 33
21 74 12 91 76 85 73 79 23 71 93 49 62 11 25 31 5 50 97 92 52 58 41 72 89 8 53 83 3 86
17 76 13 81 68 89 66 93 68 42 64 14 91 27 77 16 10 82 19 8 26 23 66 19 95 7 27 48 91 31
87 60 7 0 41 27 41 60 73 9 2 37 75 45 16 4 14 27 38 33 87 64 8 5 83 4 13 11 4 56
42 43 16 1 95 57 29 36 69 2 98 71 91 73 69 60 30 83 87 68 68 26 33 76 31 68 80 96 79 37
52 73 80 68 75 76 78 4 12 47 58 10 71 49 36 40 61 18 23 0 86 43 26 71 19 10 40 0 6 71
89 59 97 69 79 72 97 57 28 62 57 38 24 80 87 60 20 1 30 95 1 17 38 28 40 9 38 32 61 96
56 50 55 53 72 87 25 69 96 5 31 53 43 56 85 82 68 57 83 99 4 85 68 94 13 60 4 3 93 65
99 49 16 7 2 88 94 79 9 90 84 93 96 27 49 81 9 69 91 93 20 95 78 40 90 91 1 94 46 94
11 45 95 27 52 97 67 98 28 29 89 12 22 37 39 23 70 48 92 61 93 65 57 71 5 99 14 6 93 60
0 4 58 47 84 62 96 3 61 24 32 2 36 54 39 27 77 9 28 22 23 21 87 80 45 92 79 59 99 24
72 51 80 82 51 64 44 47 20 5 72 52 7 60 59 98 88 36 60 68 10 83 89 97 15 86 90 94 46 41
70 70 44 50 52 95 67 48 43 39 54 67 91 13 79 50 12 67 39 24 87 49 7 77 47 22 63 89 68 61
82 90 83 78 92 87 74 59 36 69 98 42 36 42 55 15 44 19 35 83 43 22 33 50 51 32 24 67 73 92
80 7 82 16 85 75 3 59 86 39 80 37 81 68 31 89 84 75 8 71 11 4 45 44 6 49 28 31 16 53
75 48 12 10 64 97 37 68 9 75 59 89 64 93 58 95 82 94 71 42 17 34 46 62 30 53 11 58 84 79
63 11 28 75 21 92 24 10 12 85 86 72 27 50 65 37 98 99 83 21 41 0 55 88 14 85 41 78 95 77

